
----------
 2018-01-30 18:06:12,559 - admin Logget In
 
-------------------
----------
 2018-01-30 18:06:30,104 - admin Logget Out
 
-------------------
----------
 2018-01-30 18:08:32,572 - admin Logget In
 
-------------------
----------
 2018-01-30 18:08:37,457 - admin Logget Out
 
-------------------
----------
 2018-01-30 18:11:52,584 - admin Logget In
 
-------------------
----------
 2018-01-30 18:12:12,337 - admin Added a student mahmoud benjaber
 
-------------------
----------
 2018-01-30 18:12:31,264 - 
--------Error Message------

 
-------------------java.sql.SQLException: Column 'sid' not found.
	at com.mysql.jdbc.SQLError.createSQLException(SQLError.java:964)
	at com.mysql.jdbc.SQLError.createSQLException(SQLError.java:897)
	at com.mysql.jdbc.SQLError.createSQLException(SQLError.java:886)
	at com.mysql.jdbc.SQLError.createSQLException(SQLError.java:860)
	at com.mysql.jdbc.ResultSetImpl.findColumn(ResultSetImpl.java:1077)
	at com.mysql.jdbc.ResultSetImpl.getInt(ResultSetImpl.java:2567)
	at itse322.project.Controllers.PersonController.getAllFrom(PersonController.java:40)
	at itse322.project.Frames.teachers.Teachers.getTableContent(Teachers.java:613)
	at itse322.project.Frames.teachers.Teachers.initComponents(Teachers.java:159)
	at itse322.project.Frames.teachers.Teachers.<init>(Teachers.java:49)
	at itse322.project.Frames.MainPage.teacherLabelMouseClicked(MainPage.java:289)
	at itse322.project.Frames.MainPage.access$000(MainPage.java:19)
	at itse322.project.Frames.MainPage$1.mouseClicked(MainPage.java:81)
	at java.awt.Component.processMouseEvent(Component.java:6536)
	at javax.swing.JComponent.processMouseEvent(JComponent.java:3324)
	at java.awt.Component.processEvent(Component.java:6298)
	at java.awt.Container.processEvent(Container.java:2236)
	at java.awt.Component.dispatchEventImpl(Component.java:4889)
	at java.awt.Container.dispatchEventImpl(Container.java:2294)
	at java.awt.Component.dispatchEvent(Component.java:4711)
	at java.awt.LightweightDispatcher.retargetMouseEvent(Container.java:4888)
	at java.awt.LightweightDispatcher.processMouseEvent(Container.java:4534)
	at java.awt.LightweightDispatcher.dispatchEvent(Container.java:4466)
	at java.awt.Container.dispatchEventImpl(Container.java:2280)
	at java.awt.Window.dispatchEventImpl(Window.java:2746)
	at java.awt.Component.dispatchEvent(Component.java:4711)
	at java.awt.EventQueue.dispatchEventImpl(EventQueue.java:758)
	at java.awt.EventQueue.access$500(EventQueue.java:97)
	at java.awt.EventQueue$3.run(EventQueue.java:709)
	at java.awt.EventQueue$3.run(EventQueue.java:703)
	at java.security.AccessController.doPrivileged(Native Method)
	at java.security.ProtectionDomain$JavaSecurityAccessImpl.doIntersectionPrivilege(ProtectionDomain.java:80)
	at java.security.ProtectionDomain$JavaSecurityAccessImpl.doIntersectionPrivilege(ProtectionDomain.java:90)
	at java.awt.EventQueue$4.run(EventQueue.java:731)
	at java.awt.EventQueue$4.run(EventQueue.java:729)
	at java.security.AccessController.doPrivileged(Native Method)
	at java.security.ProtectionDomain$JavaSecurityAccessImpl.doIntersectionPrivilege(ProtectionDomain.java:80)
	at java.awt.EventQueue.dispatchEvent(EventQueue.java:728)
	at java.awt.EventDispatchThread.pumpOneEventForFilters(EventDispatchThread.java:201)
	at java.awt.EventDispatchThread.pumpEventsForFilter(EventDispatchThread.java:116)
	at java.awt.EventDispatchThread.pumpEventsForHierarchy(EventDispatchThread.java:105)
	at java.awt.EventDispatchThread.pumpEvents(EventDispatchThread.java:101)
	at java.awt.EventDispatchThread.pumpEvents(EventDispatchThread.java:93)
	at java.awt.EventDispatchThread.run(EventDispatchThread.java:82)

----------
 2018-01-30 18:13:01,984 - admin Logget In
 
-------------------
----------
 2018-01-30 18:15:49,252 - admin Logget In
 
-------------------
----------
 2018-01-30 18:20:23,210 - admin Logget In
 
-------------------
----------
 2018-01-30 18:28:58,399 - admin Logget In
 
-------------------
----------
 2018-01-30 18:29:15,655 - admin Added a new course "vel"
 
-------------------
----------
 2018-01-30 18:29:43,572 - admin Added Course vel To Justine Johns
 
-------------------
----------
 2018-01-30 18:29:56,913 - admin Deleted the student 66 - Zack Kuhlman
 
-------------------
----------
 2018-01-30 18:30:13,987 - admin Added a student gfhf fghf
 
-------------------
----------
 2018-01-30 18:30:19,010 - admin Exported gbf.pdf Report
 
-------------------
----------
 2018-01-30 18:30:37,901 - admin Updated the student 97
 
-------------------
----------
 2018-01-30 18:31:03,782 - admin Updated the student 2
 
-------------------
----------
 2018-01-30 18:31:12,627 - admin Updated the student 2
 
-------------------
----------
 2018-01-30 18:31:18,597 - admin Updated the student 7
 
-------------------
----------
 2018-01-30 18:31:23,357 - admin Deleted the teacher 25 - Fannie Towne
 
-------------------
----------
 2018-01-30 18:31:33,488 - admin Deleted the teacher 29 - Linnea Bailey
 
-------------------
----------
 2018-01-30 18:31:41,089 - admin Exported fddfd.pdf Report
 
-------------------
----------
 2018-01-30 18:31:54,608 - admin Updated course 96 - vel
 
-------------------
----------
 2018-01-30 18:32:14,279 - admin Added Course vel To Antonetta Davis
 
-------------------
----------
 2018-01-30 18:32:21,508 - admin Added Course vel To Antonetta Davis
 
-------------------
----------
 2018-01-30 18:33:22,533 - admin Logget In
 
-------------------
----------
 2018-01-30 18:33:29,235 - admin Updated course 100 - modi
 
-------------------
----------
 2018-01-30 18:33:38,513 - admin Updated course 100 - modi
 
-------------------
----------
 2018-01-30 18:33:58,447 - admin Updated course 100 - modi
 
-------------------
----------
 2018-01-30 18:35:16,415 - admin Logget In
 
-------------------
----------
 2018-01-30 18:37:04,983 - admin Logget In
 
-------------------
----------
 2018-01-30 18:39:19,426 - admin Logget In
 
-------------------
----------
 2018-01-30 18:39:30,930 - admin Logget Out
 
-------------------
----------
 2018-01-30 18:40:03,725 - admin Logget In
 
-------------------
----------
 2018-01-30 18:40:37,577 - admin Logget In
 
-------------------
----------
 2018-01-30 18:40:41,778 - admin Logget Out
 
-------------------
----------
 2018-01-30 18:44:23,899 - admin Logget In
 
-------------------
----------
 2018-01-30 18:44:31,264 - admin Updated the student 1
 
-------------------
----------
 2018-01-30 18:44:45,114 - admin Added Course vel To Travons Shanahan
 
-------------------
----------
 2018-01-30 18:44:57,747 - admin Logget Out
 
-------------------
----------
 2018-01-30 19:18:17,160 - admin Logget In
 
-------------------
----------
 2018-01-30 19:18:21,679 - admin Exported 100-modi.pdf Report
 
-------------------
----------
 2018-01-30 19:29:15,822 - admin Logget In
 
-------------------
----------
 2018-01-30 19:29:23,716 - admin Exported 99-adipisci.pdf Report
 
-------------------
----------
 2018-01-30 19:32:00,718 - admin Logget In
 
-------------------
----------
 2018-01-30 19:32:02,517 - admin Closed
 
-------------------